2018-03-19 15:49:52,873 INFO o.a.j.u.JMeterUtils: Setting Locale to zh_CN
2018-03-19 15:49:52,902 INFO o.a.j.JMeter: Loading user properties from: /Users/guoxx/Desktop/software/apache-jmeter-4.0/bin/user.properties
2018-03-19 15:49:52,904 INFO o.a.j.JMeter: Loading system properties from: /Users/guoxx/Desktop/software/apache-jmeter-4.0/bin/system.properties
2018-03-19 15:49:52,910 INFO o.a.j.JMeter: Copyright (c) 1998-2018 The Apache Software Foundation
2018-03-19 15:49:52,910 INFO o.a.j.JMeter: Version 4.0 r1823414
2018-03-19 15:49:52,910 INFO o.a.j.JMeter: java.version=1.8.0_151
2018-03-19 15:49:52,910 INFO o.a.j.JMeter: java.vm.name=Java HotSpot(TM) 64-Bit Server VM
2018-03-19 15:49:52,910 INFO o.a.j.JMeter: os.name=Mac OS X
2018-03-19 15:49:52,910 INFO o.a.j.JMeter: os.arch=x86_64
2018-03-19 15:49:52,911 INFO o.a.j.JMeter: os.version=10.12.6
2018-03-19 15:49:52,911 INFO o.a.j.JMeter: file.encoding=UTF-8
2018-03-19 15:49:52,911 INFO o.a.j.JMeter: Max memory     =1908932608
2018-03-19 15:49:52,911 INFO o.a.j.JMeter: Available Processors =4
2018-03-19 15:49:52,921 INFO o.a.j.JMeter: Default Locale=中文 (中国)
2018-03-19 15:49:52,921 INFO o.a.j.JMeter: JMeter  Locale=中文 (中国)
2018-03-19 15:49:52,921 INFO o.a.j.JMeter: JMeterHome=/Users/guoxx/Desktop/software/apache-jmeter-4.0
2018-03-19 15:49:52,921 INFO o.a.j.JMeter: user.dir  =/Users/guoxx/Alpha
2018-03-19 15:49:52,921 INFO o.a.j.JMeter: PWD       =/Users/guoxx/Alpha
2018-03-19 15:49:52,940 INFO o.a.j.JMeter: IP: 192.168.161.126 Name: guoxiaoxuedeMacBook-Pro-2.local FullName: 192.168.161.126
2018-03-19 15:49:54,959 INFO o.a.j.g.a.LookAndFeelCommand: Installing Darcula LAF
2018-03-19 15:49:54,990 INFO o.a.j.g.a.LookAndFeelCommand: Using look and feel: com.bulenkov.darcula.DarculaLaf [Darcula]
2018-03-19 15:49:54,990 INFO o.a.j.JMeter: Setting LAF to: com.bulenkov.darcula.DarculaLaf
2018-03-19 15:49:55,096 INFO o.a.j.JMeter: Loaded icon properties from org/apache/jmeter/images/icon.properties
2018-03-19 15:49:55,841 INFO o.a.j.e.u.CompoundVariable: Note: Function class names must contain the string: '.functions.'
2018-03-19 15:49:55,841 INFO o.a.j.e.u.CompoundVariable: Note: Function class names must not contain the string: '.gui.'
2018-03-19 15:49:58,070 INFO o.a.j.p.h.s.HTTPSamplerBase: Parser for text/html is org.apache.jmeter.protocol.http.parser.LagartoBasedHtmlParser
2018-03-19 15:49:58,071 INFO o.a.j.p.h.s.HTTPSamplerBase: Parser for application/xhtml+xml is org.apache.jmeter.protocol.http.parser.LagartoBasedHtmlParser
2018-03-19 15:49:58,071 INFO o.a.j.p.h.s.HTTPSamplerBase: Parser for application/xml is org.apache.jmeter.protocol.http.parser.LagartoBasedHtmlParser
2018-03-19 15:49:58,071 INFO o.a.j.p.h.s.HTTPSamplerBase: Parser for text/xml is org.apache.jmeter.protocol.http.parser.LagartoBasedHtmlParser
2018-03-19 15:49:58,071 INFO o.a.j.p.h.s.HTTPSamplerBase: Parser for text/vnd.wap.wml is org.apache.jmeter.protocol.http.parser.RegexpHTMLParser
2018-03-19 15:49:58,071 INFO o.a.j.p.h.s.HTTPSamplerBase: Parser for text/css is org.apache.jmeter.protocol.http.parser.CssParser
2018-03-19 15:49:58,543 INFO o.a.j.e.KeyToolUtils: keytool found at 'keytool'
2018-03-19 15:49:58,544 INFO o.a.j.p.h.p.ProxyControl: HTTP(S) Test Script Recorder SSL Proxy will use keys that support embedded 3rd party resources in file /Users/guoxx/Desktop/software/apache-jmeter-4.0/bin/proxyserver.jks
2018-03-19 15:49:58,711 INFO o.a.j.s.FileServer: Default base='/Users/guoxx/Alpha'
2018-03-19 15:49:59,114 INFO o.a.j.s.SampleResult: Note: Sample TimeStamps are START times
2018-03-19 15:49:59,114 INFO o.a.j.s.SampleResult: sampleresult.default.encoding is set to ISO-8859-1
2018-03-19 15:49:59,114 INFO o.a.j.s.SampleResult: sampleresult.useNanoTime=true
2018-03-19 15:49:59,114 INFO o.a.j.s.SampleResult: sampleresult.nanoThreadSleep=5000
